# JRE version: OpenJDK Runtime Environment (16.0.2+7) (build 16.0.2+7-67)
# Java VM: OpenJDK 64-Bit Server VM (16.0.2+7-67, mixed mode, sharing, tiered, compressed oops, compressed class ptrs, g1 gc, windows-amd64)
GC Precious Log:
 CPUs: 4 total, 4 available
 Memory: 8089M
 Large Page Support: Disabled
 NUMA Support: Disabled
 Compressed Oops: Enabled (32-bit)
 Heap Region Size: 1M
 Heap Min Capacity: 8M
 Heap Initial Capacity: 128M
 Heap Max Capacity: 2024M
 Pre-touch: Disabled
 Parallel Workers: 4
 Concurrent Workers: 1
 Concurrent Refinement Workers: 4
 Periodic GC: Disabled
Heap:
 garbage-first heap   total 37888K, used 13316K [0x0000000081800000, 0x0000000100000000)
  region size 1024K, 5 young (5120K), 2 survivors (2048K)
 Metaspace       used 25652K, committed 25920K, reserved 1073152K
  class space    used 3109K, committed 3264K, reserved 1048576K
GC Heap History (10 events):
Event: 1.923 GC heap before
{Heap before GC invocations=0 (full 0):
 garbage-first heap   total 131072K, used 12288K [0x0000000081800000, 0x0000000100000000)
  region size 1024K, 13 young (13312K), 0 survivors (0K)
 Metaspace       used 3929K, committed 4032K, reserved 1056768K
  class space    used 395K, committed 448K, reserved 1048576K
}
Event: 2.138 GC heap after
{Heap after GC invocations=1 (full 0):
 garbage-first heap   total 131072K, used 3915K [0x0000000081800000, 0x0000000100000000)
  region size 1024K, 2 young (2048K), 2 survivors (2048K)
 Metaspace       used 3929K, committed 4032K, reserved 1056768K
  class space    used 395K, committed 448K, reserved 1048576K
}
Event: 3.506 GC heap before
{Heap before GC invocations=1 (full 0):
 garbage-first heap   total 131072K, used 15179K [0x0000000081800000, 0x0000000100000000)
  region size 1024K, 13 young (13312K), 2 survivors (2048K)
 Metaspace       used 6803K, committed 6976K, reserved 1056768K
  class space    used 794K, committed 896K, reserved 1048576K
}
Event: 3.513 GC heap after
{Heap after GC invocations=2 (full 0):
 garbage-first heap   total 131072K, used 5193K [0x0000000081800000, 0x0000000100000000)
  region size 1024K, 2 young (2048K), 2 survivors (2048K)
 Metaspace       used 6803K, committed 6976K, reserved 1056768K
  class space    used 794K, committed 896K, reserved 1048576K
}
Event: 5.205 GC heap before
{Heap before GC invocations=2 (full 0):
 garbage-first heap   total 131072K, used 31817K [0x0000000081800000, 0x0000000100000000)
  region size 1024K, 29 young (29696K), 2 survivors (2048K)
 Metaspace       used 14341K, committed 14528K, reserved 1064960K
  class space    used 1743K, committed 1856K, reserved 1048576K
}
Event: 5.212 GC heap after
{Heap after GC invocations=3 (full 0):
 garbage-first heap   total 131072K, used 6494K [0x0000000081800000, 0x0000000100000000)
  region size 1024K, 3 young (3072K), 3 survivors (3072K)
 Metaspace       used 14341K, committed 14528K, reserved 1064960K
  class space    used 1743K, committed 1856K, reserved 1048576K
}
Event: 9.518 GC heap before
{Heap before GC invocations=3 (full 0):
 garbage-first heap   total 131072K, used 42334K [0x0000000081800000, 0x0000000100000000)
  region size 1024K, 39 young (39936K), 3 survivors (3072K)
 Metaspace       used 20953K, committed 21248K, reserved 1073152K
  class space    used 2576K, committed 2752K, reserved 1048576K
}
Event: 9.535 GC heap after
{Heap after GC invocations=4 (full 0):
 garbage-first heap   total 131072K, used 9599K [0x0000000081800000, 0x0000000100000000)
  region size 1024K, 6 young (6144K), 6 survivors (6144K)
 Metaspace       used 20953K, committed 21248K, reserved 1073152K
  class space    used 2576K, committed 2752K, reserved 1048576K
}
Event: 11.441 GC heap before
{Heap before GC invocations=5 (full 0):
 garbage-first heap   total 37888K, used 25983K [0x0000000081800000, 0x0000000100000000)
  region size 1024K, 22 young (22528K), 6 survivors (6144K)
 Metaspace       used 24934K, committed 25280K, reserved 1073152K
  class space    used 3024K, committed 3200K, reserved 1048576K
}
Event: 11.460 GC heap after
{Heap after GC invocations=6 (full 0):
 garbage-first heap   total 37888K, used 11268K [0x0000000081800000, 0x0000000100000000)
  region size 1024K, 2 young (2048K), 2 survivors (2048K)
 Metaspace       used 24934K, committed 25280K, reserved 1073152K
  class space    used 3024K, committed 3200K, reserved 1048576K
}

